Compilazione della procedura PFEMGENE_VIS_RIFACAT in corso...
  Nessun errore di compilazione.

Compilazione della procedura PFEMGENE_VIS_RIASS in corso...
  Nessun errore di compilazione.

Compilazione della procedura PFEMGENE_VIS_PROVVIGIONI in corso...
  Nessun errore di compilazione.

Compilazione della procedura PFEMGENE_VIS_DEROGHE in corso...
  Nessun errore di compilazione.

Compilazione della procedura PFEMGENE_VIS_ANOM in corso...
  Nessun errore di compilazione.

Compilazione della procedura PFEMGENE_VIS_ACCESSORI in corso...
  Nessun errore di compilazione.

Compilazione della procedura PFEMGENE_VERIFICA in corso...
  Nessun errore di compilazione.

Compilazione della procedura PFEMGENE_STAMPA in corso...
  Nessun errore di compilazione.

Compilazione della procedura PFEMGENE_MODALITA in corso...
  Nessun errore di compilazione.

Compilazione della procedura PFEMGENE_EMDIREZI in corso...
  Nessun errore di compilazione.

Compilazione della procedura PFEMGENE_CARICA_IN_PTF in corso...
  Nessun errore di compilazione.

Compilazione della procedura PFEMGENE_CALCOLA in corso...
  Nessun errore di compilazione.

Compilazione della procedura CREA_LOV in corso...
  Nessun errore di compilazione.

Compilazione della procedura DETERMINA_ENT_ASS_OBBLIGATORIE in corso...
  Nessun errore di compilazione.

Compilazione della procedura DETERMINA_FORMA_CONTRATTUALE in corso...
  Nessun errore di compilazione.

Compilazione della procedura CALL_OTHER_MASK in corso...
  Nessun errore di compilazione.

Compilazione della procedura INSER_GARANZIE_OBBLIGATORIE in corso...
  Nessun errore di compilazione.

Compilazione della procedura CHECK_PACKAGE_FAILURE in corso...
  Nessun errore di compilazione.

Compilazione della procedura QUERY_MASTER_DETAILS in corso...
  Nessun errore di compilazione.

Compilazione della procedura CLEAR_ALL_MASTER_DETAILS in corso...
  Nessun errore di compilazione.

Compilazione della procedura ON_VALIDATE_GARANZIA in corso...
  Nessun errore di compilazione.

Compilazione della procedura VISUALIZZA_ANOM in corso...
  Nessun errore di compilazione.

Compilazione della procedura CANC_GARA in corso...
  Nessun errore di compilazione.

Compilazione della procedura DISA_EMGENE in corso...
  Nessun errore di compilazione.

Compilazione della procedura NUCLEO in corso...
  Nessun errore di compilazione.

Compilazione della procedura CANC_GARA_NUCLEO in corso...
  Nessun errore di compilazione.

Compilazione della procedura ESCLUDI_FIGLIE in corso...
  Nessun errore di compilazione.

Compilazione della procedura INCLUDI_FIGLIE in corso...
  Nessun errore di compilazione.

Compilazione della procedura POPOLA_LOV_TOGG in corso...
  Nessun errore di compilazione.

Compilazione della procedura POPOLA_LOV_GARA in corso...
  Nessun errore di compilazione.

Compilazione della procedura POPOLA_CLASSE_TARIFFARIA in corso...
  Nessun errore di compilazione.

Compilazione della procedura VAL_COD_CLSS in corso...
  Nessun errore di compilazione.

Compilazione della procedura VAL_COD_CATE in corso...
  Nessun errore di compilazione.

Compilazione della procedura VAL_COD_SPCZ in corso...
  Nessun errore di compilazione.

Compilazione della procedura CONTR_DES_CAMP in corso...
  Nessun errore di compilazione.

Compilazione della procedura POPOLA_DES_CAMP in corso...
  Nessun errore di compilazione.

Compilazione della procedura DISABILITA_CAMPI in corso...
  Nessun errore di compilazione.

Compilazione della procedura ABILITA_CAMPI in corso...
  Nessun errore di compilazione.

Compilazione della procedura SEL_GARANZIA in corso...
  Nessun errore di compilazione.

Compilazione della procedura COMMIT_GARANZIA in corso...
  Nessun errore di compilazione.

Compilazione della procedura CTRL_INS_CATEGORIE in corso...
  Nessun errore di compilazione.

Compilazione della procedura POPOLA_ENTITA in corso...
  Nessun errore di compilazione.

Compilazione della procedura ESEGUI_RICERCA in corso...
  Nessun errore di compilazione.

Compilazione della procedura SETTA_PER_FITTIZIA in corso...
  Nessun errore di compilazione.

Compilazione della procedura CREA_ENTITA_FITTIZIA in corso...
  Nessun errore di compilazione.

Compilazione della procedura SELEZIONA_ENTITA in corso...
  Nessun errore di compilazione.

Compilazione in corso del trigger WHEN-NEW-FORM-INSTANCE nel form...
  Nessun errore di compilazione.

Compilazione in corso del trigger ON-MESSAGE nel form...
  Nessun errore di compilazione.

Compilazione in corso del trigger KEY-DUP-ITEM nel form...
  Nessun errore di compilazione.

Compilazione in corso del trigger ON-ERROR nel form...
  Nessun errore di compilazione.

Compilazione in corso del trigger KEY-HELP nel form...
  Nessun errore di compilazione.

Compilazione in corso del trigger KEY-CREREC nel form...
  Nessun errore di compilazione.

Compilazione in corso del trigger KEY-COMMIT nel form...
  Nessun errore di compilazione.

Compilazione in corso del trigger KEY-ENTQRY nel form...
  Nessun errore di compilazione.

Compilazione in corso del trigger KEY-EXEQRY nel form...
  Nessun errore di compilazione.

Compilazione in corso del trigger KEY-DELREC nel form...
  Nessun errore di compilazione.

Compilazione in corso del trigger KEY-EXIT nel form...
  Nessun errore di compilazione.

Compilazione in corso del trigger KEY-DOWN nel form...
  Nessun errore di compilazione.

Compilazione in corso del trigger KEY-UP nel form...
  Nessun errore di compilazione.

Compilazione in corso del trigger KEY-CLRFRM nel form...
  Nessun errore di compilazione.

Compilazione in corso del trigger KEY-CLRREC nel form...
  Nessun errore di compilazione.

Compilazione in corso del trigger KEY-CLRBLK nel form...
  Nessun errore di compilazione.

Compilazione in corso del trigger KEY-NXTBLK nel form...
  Nessun errore di compilazione.

Compilazione in corso del trigger KEY-PRVBLK nel form...
  Nessun errore di compilazione.

Compilazione in corso del trigger KEY-NEXT-ITEM nel form...
  Nessun errore di compilazione.

Compilazione in corso del trigger KEY-SCRUP nel form...
  Nessun errore di compilazione.

Compilazione in corso del trigger KEY-SCRDOWN nel form...
  Nessun errore di compilazione.

Compilazione in corso del trigger KEY-PREV-ITEM nel form...
  Nessun errore di compilazione.

Compilazione in corso del trigger KEY-LISTVAL nel form...
  Nessun errore di compilazione.

Compilazione in corso del trigger KEY-OTHERS nel form...
  Nessun errore di compilazione.

Compilazione in corso del trigger POST-FORM nel form...
  Nessun errore di compilazione.

Compilazione in corso del trigger ON-CLEAR-DETAILS nel form...
  Nessun errore di compilazione.

Compilazione trigger WHEN-NEW-BLOCK-INSTANCE nel blocco di dati TR_OGGRIS00T in corso...
  Nessun errore di compilazione.

Compilazione trigger WHEN-NEW-RECORD-INSTANCE nel blocco di dati TR_OGGRIS00T in corso...
  Nessun errore di compilazione.

Compilazione trigger PRE-BLOCK nel blocco di dati TR_OGGRIS00T in corso...
  Nessun errore di compilazione.

Compilazione trigger POST-BLOCK nel blocco di dati TR_OGGRIS00T in corso...
  Nessun errore di compilazione.

Compilazione trigger PRE-INSERT nel blocco di dati TR_OGGRIS00T in corso...
  Nessun errore di compilazione.

Compilazione trigger PRE-UPDATE nel blocco di dati TR_OGGRIS00T in corso...
  Nessun errore di compilazione.

Compilazione trigger WHEN-VALIDATE-ITEM nel blocco di dati TR_OGGRIS00T in corso...
  Nessun errore di compilazione.

Compilazione trigger POST-QUERY nel blocco di dati TR_OGGRIS00T in corso...
  Nessun errore di compilazione.

Compilazione trigger WHEN-VALIDATE-RECORD nel blocco di dati TR_OGGRIS00T in corso...
  Nessun errore di compilazione.

Compilazione trigger PRE-RECORD nel blocco di dati TR_OGGRIS00T in corso...
  Nessun errore di compilazione.

Compilazione trigger ON-POPULATE-DETAILS nel blocco di dati TR_OGGRIS00T in corso...
  Nessun errore di compilazione.

Compilazione trigger ON-CHECK-DELETE-MASTER nel blocco di dati TR_OGGRIS00T in corso...
  Nessun errore di compilazione.

Compilazione del trigger PRE-TEXT-ITEM nell'item NUM_OGGR nel blocco di dati TR_OGGRIS00T in corso...
  Nessun errore di compilazione.

Compilazione del trigger WHEN-VALIDATE-ITEM nell'item NUM_OGGR nel blocco di dati TR_OGGRIS00T in corso...
  Nessun errore di compilazione.

Compilazione del trigger WHEN-VALIDATE-ITEM nell'item COD_TOGG nel blocco di dati TR_OGGRIS00T in corso...
  Nessun errore di compilazione.

Compilazione del trigger WHEN-VALIDATE-ITEM nell'item PRG_TOGG nel blocco di dati TR_OGGRIS00T in corso...
  Nessun errore di compilazione.

Compilazione del trigger WHEN-BUTTON-PRESSED nell'item LOV_TOGG nel blocco di dati TR_OGGRIS00T in corso...
  Nessun errore di compilazione.

Compilazione del trigger WHEN-VALIDATE-ITEM nell'item COD_NUCL nel blocco di dati TR_OGGRIS00T in corso...
  Nessun errore di compilazione.

Compilazione del trigger WHEN-BUTTON-PRESSED nell'item LOV_NUCL nel blocco di dati TR_OGGRIS00T in corso...
  Nessun errore di compilazione.

Compilazione del trigger WHEN-VALIDATE-ITEM nell'item PRG_NUCL nel blocco di dati TR_OGGRIS00T in corso...
  Nessun errore di compilazione.

Compilazione del trigger WHEN-VALIDATE-ITEM nell'item DAT_ESCL nel blocco di dati TR_OGGRIS00T in corso...
  Nessun errore di compilazione.

Compilazione del trigger WHEN-VALIDATE-ITEM nell'item FLG_RINN nel blocco di dati TR_OGGRIS00T in corso...
  Nessun errore di compilazione.

Compilazione del trigger WHEN-BUTTON-PRESSED nell'item LOV_RINN nel blocco di dati TR_OGGRIS00T in corso...
  Nessun errore di compilazione.

Compilazione del trigger WHEN-VALIDATE-ITEM nell'item TIP_GEST nel blocco di dati TR_OGGRIS00T in corso...
  Nessun errore di compilazione.

Compilazione del trigger WHEN-VALIDATE-ITEM nell'item IVA_ESEN nel blocco di dati TR_OGGRIS00T in corso...
  Nessun errore di compilazione.

Compilazione del trigger WHEN-VALIDATE-ITEM nell'item COD_STTR nel blocco di dati TR_OGGRIS00T in corso...
  Nessun errore di compilazione.

Compilazione del trigger WHEN-BUTTON-PRESSED nell'item LOV_STTR nel blocco di dati TR_OGGRIS00T in corso...
  Nessun errore di compilazione.

Compilazione del trigger WHEN-NEW-ITEM-INSTANCE nell'item LOV_STTR nel blocco di dati TR_OGGRIS00T in corso...
  Nessun errore di compilazione.

Compilazione del trigger WHEN-VALIDATE-ITEM nell'item COD_CLSS nel blocco di dati TR_OGGRIS00T in corso...
  Nessun errore di compilazione.

Compilazione del trigger KEY-PREV-ITEM nell'item COD_CLSS nel blocco di dati TR_OGGRIS00T in corso...
  Nessun errore di compilazione.

Compilazione del trigger WHEN-BUTTON-PRESSED nell'item LOV_CLSS nel blocco di dati TR_OGGRIS00T in corso...
  Nessun errore di compilazione.

Compilazione del trigger WHEN-NEW-ITEM-INSTANCE nell'item LOV_CLSS nel blocco di dati TR_OGGRIS00T in corso...
  Nessun errore di compilazione.

Compilazione del trigger WHEN-VALIDATE-ITEM nell'item COD_CATE nel blocco di dati TR_OGGRIS00T in corso...
  Nessun errore di compilazione.

Compilazione del trigger KEY-PREV-ITEM nell'item COD_CATE nel blocco di dati TR_OGGRIS00T in corso...
  Nessun errore di compilazione.

Compilazione del trigger WHEN-BUTTON-PRESSED nell'item LOV_CATE nel blocco di dati TR_OGGRIS00T in corso...
  Nessun errore di compilazione.

Compilazione del trigger WHEN-NEW-ITEM-INSTANCE nell'item LOV_CATE nel blocco di dati TR_OGGRIS00T in corso...
  Nessun errore di compilazione.

Compilazione del trigger WHEN-VALIDATE-ITEM nell'item COD_SPCZ nel blocco di dati TR_OGGRIS00T in corso...
  Nessun errore di compilazione.

Compilazione del trigger KEY-PREV-ITEM nell'item COD_SPCZ nel blocco di dati TR_OGGRIS00T in corso...
  Nessun errore di compilazione.

Compilazione del trigger WHEN-BUTTON-PRESSED nell'item LOV_SPCZ nel blocco di dati TR_OGGRIS00T in corso...
  Nessun errore di compilazione.

Compilazione del trigger WHEN-NEW-ITEM-INSTANCE nell'item LOV_SPCZ nel blocco di dati TR_OGGRIS00T in corso...
  Nessun errore di compilazione.

Compilazione del trigger KEY-PREV-ITEM nell'item DES_CAMP nel blocco di dati TR_OGGRIS00T in corso...
  Nessun errore di compilazione.

Compilazione del trigger WHEN-NEW-ITEM-INSTANCE nell'item DES_CAMP nel blocco di dati TR_OGGRIS00T in corso...
  Nessun errore di compilazione.

Compilazione del trigger WHEN-VALIDATE-ITEM nell'item COD_DIVI nel blocco di dati TR_OGGRIS00T in corso...
  Nessun errore di compilazione.

Compilazione del trigger WHEN-BUTTON-PRESSED nell'item LOV_DIVI nel blocco di dati TR_OGGRIS00T in corso...
  Nessun errore di compilazione.

Compilazione del trigger WHEN-VALIDATE-ITEM nell'item IDE_OGGE nel blocco di dati TR_OGGRIS00T in corso...
  Nessun errore di compilazione.

Compilazione del trigger POST-TEXT-ITEM nell'item PRE_MINI nel blocco di dati TR_OGGRIS00T in corso...
  Nessun errore di compilazione.

Compilazione del trigger PRE-TEXT-ITEM nell'item PRE_MINI nel blocco di dati TR_OGGRIS00T in corso...
  Nessun errore di compilazione.

Compilazione del trigger WHEN-VALIDATE-ITEM nell'item PRE_MINI nel blocco di dati TR_OGGRIS00T in corso...
  Nessun errore di compilazione.

Compilazione del trigger WHEN-VALIDATE-ITEM nell'item PRE_MIRP nel blocco di dati TR_OGGRIS00T in corso...
  Nessun errore di compilazione.

Compilazione del trigger WHEN-BUTTON-PRESSED nell'item OBBLIGATORIE nel blocco di dati TR_OGGRIS00T in corso...
  Nessun errore di compilazione.

Compilazione del trigger WHEN-BUTTON-PRESSED nell'item LISTA_PTF nel blocco di dati TR_OGGRIS00T in corso...
  Nessun errore di compilazione.

Compilazione del trigger WHEN-BUTTON-PRESSED nell'item TESTO nel blocco di dati TR_OGGRIS00T in corso...
  Nessun errore di compilazione.

Compilazione del trigger WHEN-BUTTON-PRESSED nell'item TIPOMEZZO nel blocco di dati TR_OGGRIS00T in corso...
  Nessun errore di compilazione.

Compilazione del trigger WHEN-BUTTON-PRESSED nell'item TASSAZIONE nel blocco di dati TR_OGGRIS00T in corso...
  Nessun errore di compilazione.

Compilazione del trigger WHEN-BUTTON-PRESSED nell'item ATTRIBUTI nel blocco di dati TR_OGGRIS00T in corso...
  Nessun errore di compilazione.

Compilazione del trigger WHEN-BUTTON-PRESSED nell'item LEGAMI nel blocco di dati TR_OGGRIS00T in corso...
  Nessun errore di compilazione.

Compilazione del trigger WHEN-BUTTON-PRESSED nell'item CLAUSOLE nel blocco di dati TR_OGGRIS00T in corso...
  Nessun errore di compilazione.

Compilazione del trigger WHEN-BUTTON-PRESSED nell'item ESCI nel blocco di dati TR_OGGRIS00T in corso...
  Nessun errore di compilazione.

Compilazione del trigger WHEN-BUTTON-PRESSED nell'item DUPLICA nel blocco di dati TR_OGGRIS00T in corso...
  Nessun errore di compilazione.

Compilazione del trigger WHEN-BUTTON-PRESSED nell'item LISTA_ENTITA nel blocco di dati TR_OGGRIS00T in corso...
  Nessun errore di compilazione.

Compilazione trigger WHEN-NEW-RECORD-INSTANCE nel blocco di dati TR_RIEGAR00T in corso...
  Nessun errore di compilazione.

Compilazione trigger WHEN-NEW-BLOCK-INSTANCE nel blocco di dati TR_RIEGAR00T in corso...
  Nessun errore di compilazione.

Compilazione trigger PRE-BLOCK nel blocco di dati TR_RIEGAR00T in corso...
  Nessun errore di compilazione.

Compilazione trigger POST-BLOCK nel blocco di dati TR_RIEGAR00T in corso...
  Nessun errore di compilazione.

Compilazione trigger PRE-INSERT nel blocco di dati TR_RIEGAR00T in corso...
  Nessun errore di compilazione.

Compilazione trigger PRE-UPDATE nel blocco di dati TR_RIEGAR00T in corso...
  Nessun errore di compilazione.

Compilazione trigger POST-QUERY nel blocco di dati TR_RIEGAR00T in corso...
  Nessun errore di compilazione.

Compilazione trigger ON-POPULATE-DETAILS nel blocco di dati TR_RIEGAR00T in corso...
  Nessun errore di compilazione.

Compilazione trigger ON-CHECK-DELETE-MASTER nel blocco di dati TR_RIEGAR00T in corso...
  Nessun errore di compilazione.

Compilazione del trigger WHEN-VALIDATE-ITEM nell'item COD_RAMO nel blocco di dati TR_RIEGAR00T in corso...
  Nessun errore di compilazione.

Compilazione del trigger WHEN-VALIDATE-ITEM nell'item COD_RISC nel blocco di dati TR_RIEGAR00T in corso...
  Nessun errore di compilazione.

Compilazione del trigger WHEN-VALIDATE-ITEM nell'item COD_OGGE nel blocco di dati TR_RIEGAR00T in corso...
  Nessun errore di compilazione.

Compilazione del trigger WHEN-BUTTON-PRESSED nell'item LOV_GARA nel blocco di dati TR_RIEGAR00T in corso...
  Nessun errore di compilazione.

Compilazione del trigger WHEN-VALIDATE-ITEM nell'item COD_FCON nel blocco di dati TR_RIEGAR00T in corso...
  Nessun errore di compilazione.

Compilazione del trigger WHEN-BUTTON-PRESSED nell'item LOV_FCON nel blocco di dati TR_RIEGAR00T in corso...
  Nessun errore di compilazione.

Compilazione del trigger POST-TEXT-ITEM nell'item GAP_SOAS nel blocco di dati TR_RIEGAR00T in corso...
  Nessun errore di compilazione.

Compilazione del trigger PRE-TEXT-ITEM nell'item GAP_SOAS nel blocco di dati TR_RIEGAR00T in corso...
  Nessun errore di compilazione.

Compilazione del trigger WHEN-VALIDATE-ITEM nell'item GAP_SOAS nel blocco di dati TR_RIEGAR00T in corso...
  Nessun errore di compilazione.

Compilazione del trigger POST-TEXT-ITEM nell'item GAP_PREA nel blocco di dati TR_RIEGAR00T in corso...
  Nessun errore di compilazione.

Compilazione del trigger PRE-TEXT-ITEM nell'item GAP_PREA nel blocco di dati TR_RIEGAR00T in corso...
  Nessun errore di compilazione.

Compilazione del trigger WHEN-VALIDATE-ITEM nell'item GAP_PREA nel blocco di dati TR_RIEGAR00T in corso...
  Nessun errore di compilazione.

Compilazione del trigger POST-TEXT-ITEM nell'item NB_TIP_COPE nel blocco di dati TR_RIEGAR00T in corso...
  Nessun errore di compilazione.

Compilazione del trigger PRE-TEXT-ITEM nell'item NB_TIP_COPE nel blocco di dati TR_RIEGAR00T in corso...
  Nessun errore di compilazione.

Compilazione del trigger WHEN-VALIDATE-ITEM nell'item NB_TIP_COPE nel blocco di dati TR_RIEGAR00T in corso...
  Nessun errore di compilazione.

Compilazione del trigger WHEN-BUTTON-PRESSED nell'item OBBLIGATORIE nel blocco di dati TR_RIEGAR00T in corso...
  Nessun errore di compilazione.

Compilazione del trigger WHEN-BUTTON-PRESSED nell'item PACCHETTI nel blocco di dati TR_RIEGAR00T in corso...
  Nessun errore di compilazione.

Compilazione del trigger WHEN-BUTTON-PRESSED nell'item GARANZIA nel blocco di dati TR_RIEGAR00T in corso...
  Nessun errore di compilazione.

Compilazione del trigger WHEN-BUTTON-PRESSED nell'item SEL_GARA nel blocco di dati TR_RIEGAR00T in corso...
  Nessun errore di compilazione.

Compilazione trigger WHEN-NEW-BLOCK-INSTANCE nel blocco di dati GARANZIA in corso...
  Nessun errore di compilazione.

Compilazione trigger WHEN-NEW-RECORD-INSTANCE nel blocco di dati GARANZIA in corso...
  Nessun errore di compilazione.

Compilazione trigger PRE-BLOCK nel blocco di dati GARANZIA in corso...
  Nessun errore di compilazione.

Compilazione trigger POST-BLOCK nel blocco di dati GARANZIA in corso...
  Nessun errore di compilazione.

Compilazione del trigger WHEN-VALIDATE-ITEM nell'item G_COD_RAMO nel blocco di dati GARANZIA in corso...
  Nessun errore di compilazione.

Compilazione del trigger WHEN-VALIDATE-ITEM nell'item G_COD_RISC nel blocco di dati GARANZIA in corso...
  Nessun errore di compilazione.

Compilazione del trigger WHEN-VALIDATE-ITEM nell'item G_COD_OGGE nel blocco di dati GARANZIA in corso...
  Nessun errore di compilazione.

Compilazione del trigger WHEN-CHECKBOX-CHANGED nell'item G_FLG_SEL nel blocco di dati GARANZIA in corso...
  Nessun errore di compilazione.

Compilazione del trigger WHEN-BUTTON-PRESSED nell'item ESCI nel blocco di dati GARANZIA in corso...
  Nessun errore di compilazione.

Compilazione del trigger WHEN-BUTTON-PRESSED nell'item OK nel blocco di dati GARANZIA in corso...
  Nessun errore di compilazione.

Compilazione del trigger WHEN-BUTTON-PRESSED nell'item VAI_DATI nel blocco di dati GARANZIA in corso...
  Nessun errore di compilazione.

Compilazione del trigger WHEN-BUTTON-PRESSED nell'item ESEGUI nel blocco di dati GARANZIA in corso...
  Nessun errore di compilazione.

Compilazione del trigger WHEN-BUTTON-PRESSED nell'item RICERCA nel blocco di dati GARANZIA in corso...
  Nessun errore di compilazione.

Compilazione del trigger WHEN-BUTTON-PRESSED nell'item ABBANDONA nel blocco di dati GARANZIA in corso...
  Nessun errore di compilazione.

Compilazione trigger WHEN-MOUSE-DOUBLECLICK nel blocco di dati B_LISTA_ENTITA in corso...
  Nessun errore di compilazione.

Compilazione trigger POST-QUERY nel blocco di dati B_LISTA_ENTITA in corso...
  Nessun errore di compilazione.

Compilazione del trigger WHEN-BUTTON-PRESSED nell'item OK nel blocco di dati B_LISTA_ENTITA in corso...
  Nessun errore di compilazione.

Compilazione del trigger WHEN-BUTTON-PRESSED nell'item ANNULLA nel blocco di dati B_LISTA_ENTITA in corso...
  Nessun errore di compilazione.

Compilazione del trigger WHEN-BUTTON-PRESSED nell'item INSRIC nel blocco di dati BOTTONI in corso...
  Nessun errore di compilazione.

Compilazione del trigger WHEN-BUTTON-PRESSED nell'item RUNRIC nel blocco di dati BOTTONI in corso...
  Nessun errore di compilazione.

Compilazione del trigger WHEN-BUTTON-PRESSED nell'item SU nel blocco di dati BOTTONI in corso...
  Nessun errore di compilazione.

Compilazione del trigger WHEN-BUTTON-PRESSED nell'item GIU nel blocco di dati BOTTONI in corso...
  Nessun errore di compilazione.

Compilazione del trigger WHEN-BUTTON-PRESSED nell'item ESCI nel blocco di dati BOTTONI in corso...
  Nessun errore di compilazione.

Compilazione del trigger WHEN-BUTTON-PRESSED nell'item CANRIC nel blocco di dati BOTTONI in corso...
  Nessun errore di compilazione.

Compilazione del trigger WHEN-BUTTON-PRESSED nell'item ELIMINA nel blocco di dati BOTTONI in corso...
  Nessun errore di compilazione.

Compilazione del trigger WHEN-BUTTON-PRESSED nell'item INSERISCI nel blocco di dati BOTTONI in corso...
  Nessun errore di compilazione.

Compilazione del trigger WHEN-BUTTON-PRESSED nell'item ANNULLA nel blocco di dati BOTTONI in corso...
  Nessun errore di compilazione.

Compilazione del trigger WHEN-BUTTON-PRESSED nell'item OK nel blocco di dati BOTTONI in corso...
  Nessun errore di compilazione.

Compilazione del trigger WHEN-BUTTON-PRESSED nell'item VERSIONE nel blocco di dati BOTTONI in corso...
  Nessun errore di compilazione.

Compilazione del trigger WHEN-BUTTON-PRESSED nell'item HELP nel blocco di dati BOTTONI in corso...
  Nessun errore di compilazione.

Compilazione trigger WHEN_MOUSE_LEAVE nel blocco di dati BLK_GENERAL in corso...
  Nessun errore di compilazione.

Compilazione trigger WHEN_MOUSE_ENTER nel blocco di dati BLK_GENERAL in corso...
  Nessun errore di compilazione.

Compilazione del trigger WHEN-BUTTON-PRESSED nell'item BOTT_CALCOLO_PREMI nel blocco di dati BLK_GENERAL in corso...
  Nessun errore di compilazione.

Compilazione del trigger WHEN-BUTTON-PRESSED nell'item BOTT_PTF nel blocco di dati BLK_GENERAL in corso...
  Nessun errore di compilazione.

Compilazione del trigger WHEN-BUTTON-PRESSED nell'item BOTT_CALCOLO_TITOLO nel blocco di dati BLK_GENERAL in corso...
  Nessun errore di compilazione.

Compilazione del trigger WHEN-BUTTON-PRESSED nell'item BOTT_FORZATURA nel blocco di dati BLK_GENERAL in corso...
  Nessun errore di compilazione.

Compilazione del trigger WHEN-BUTTON-PRESSED nell'item BOTT_ANOMALIE nel blocco di dati BLK_GENERAL in corso...
  Nessun errore di compilazione.

Compilazione del trigger WHEN-BUTTON-PRESSED nell'item BOT_VERSIONE nel blocco di dati BLK_GENERAL in corso...
  Nessun errore di compilazione.

Compilazione del trigger WHEN_MOUSE_LEAVE nell'item BOT_VERSIONE nel blocco di dati BLK_GENERAL in corso...
  Nessun errore di compilazione.

Compilazione del trigger WHEN_MOUSE_ENTER nell'item BOT_VERSIONE nel blocco di dati BLK_GENERAL in corso...
  Nessun errore di compilazione.

Compilazione del trigger WHEN-BUTTON-PRESSED nell'item BOTT_RIASS nel blocco di dati BLK_GENERAL in corso...
  Nessun errore di compilazione.

Compilazione del trigger WHEN-BUTTON-PRESSED nell'item BOTT_DEROGA nel blocco di dati BLK_GENERAL in corso...
  Nessun errore di compilazione.

Compilazione del trigger WHEN-BUTTON-PRESSED nell'item BOTT_ACCESSORI nel blocco di dati BLK_GENERAL in corso...
  Nessun errore di compilazione.

Compilazione del trigger WHEN-BUTTON-PRESSED nell'item BOTT_RIASS_ATTIVO nel blocco di dati BLK_GENERAL in corso...
  Nessun errore di compilazione.
  
  
Compilazione del trigger WHEN_MOUSE_LEAVE nell'item BOTT_QO nel blocco di dati BLK_GENERAL in corso...
  Nessun errore di compilazione.

Compilazione del trigger WHEN_MOUSE_ENTER nell'item BOTT_QO nel blocco di dati BLK_GENERAL in corso...
  Nessun errore di compilazione.

Compilazione del trigger WHEN-BUTTON-PRESSED nell'item BOTT_QO nel blocco di dati BLK_GENERAL in corso...
  Nessun errore di compilazione.

Compilazione del trigger WHEN_MOUSE_LEAVE nell'item BOTT_STAMPA nel blocco di dati BLK_GENERAL in corso...
  Nessun errore di compilazione.

Compilazione del trigger WHEN_MOUSE_ENTER nell'item BOTT_STAMPA nel blocco di dati BLK_GENERAL in corso...
  Nessun errore di compilazione.

Compilazione del trigger WHEN-BUTTON-PRESSED nell'item BOTT_STAMPA nel blocco di dati BLK_GENERAL in corso...
  Nessun errore di compilazione.

Compilazione del trigger WHEN_MOUSE_LEAVE nell'item BOTT_MODALITA nel blocco di dati BLK_GENERAL in corso...
  Nessun errore di compilazione.

Compilazione del trigger WHEN_MOUSE_ENTER nell'item BOTT_MODALITA nel blocco di dati BLK_GENERAL in corso...
  Nessun errore di compilazione.

Compilazione del trigger WHEN-BUTTON-PRESSED nell'item BOTT_MODALITA nel blocco di dati BLK_GENERAL in corso...
  Nessun errore di compilazione.
  PL/SQL ERROR
Compilazione del trigger WHEN_MOUSE_LEAVE nell'item BOTT_VIS_PROVV nel blocco di dati BLK_GENERAL in corso...
  Nessun errore di compilazione.

Compilazione del trigger WHEN_MOUSE_ENTER nell'item BOTT_VIS_PROVV nel blocco di dati BLK_GENERAL in corso...
  Nessun errore di compilazione.

Compilazione del trigger WHEN-BUTTON-PRESSED nell'item BOTT_VIS_PROVV nel blocco di dati BLK_GENERAL in corso...
  Nessun errore di compilazione.

Compilazione del trigger WHEN_MOUSE_LEAVE nell'item BOTT_VERIFICA nel blocco di dati BLK_GENERAL in corso...
  Nessun errore di compilazione.

Compilazione del trigger WHEN_MOUSE_ENTER nell'item BOTT_VERIFICA nel blocco di dati BLK_GENERAL in corso...
  Nessun errore di compilazione.

Compilazione del trigger WHEN-BUTTON-PRESSED nell'item BOTT_VERIFICA nel blocco di dati BLK_GENERAL in corso...
  Nessun errore di compilazione.
  
File form c:\compila_10g\exe\pfemenga.fmx creato
